<?xml version="1.0" encoding="UTF-8"?>
<testsuite name="org.jbpm.document.service.DocumentStorageServiceImplTest" time="0.134" tests="10" errors="0" skipped="0" failures="0">
  <properties>
    <property name="java.runtime.name" value="Java(TM) SE Runtime Environment"/>
    <property name="sun.boot.library.path" value="C:\Program Files\Java\jdk1.8.0_101\jre\bin"/>
    <property name="java.vm.version" value="25.101-b13"/>
    <property name="java.vm.vendor" value="Oracle Corporation"/>
    <property name="maven.multiModuleProjectDirectory" value="C:\jbpm-document"/>
    <property name="java.vendor.url" value="http://java.oracle.com/"/>
    <property name="path.separator" value=";"/>
    <property name="guice.disable.misplaced.annotation.check" value="true"/>
    <property name="java.vm.name" value="Java HotSpot(TM) 64-Bit Server VM"/>
    <property name="file.encoding.pkg" value="sun.io"/>
    <property name="user.script" value=""/>
    <property name="user.country" value="EC"/>
    <property name="sun.java.launcher" value="SUN_STANDARD"/>
    <property name="sun.os.patch.level" value=""/>
    <property name="java.vm.specification.name" value="Java Virtual Machine Specification"/>
    <property name="user.dir" value="C:\jbpm-document"/>
    <property name="java.runtime.version" value="1.8.0_101-b13"/>
    <property name="java.awt.graphicsenv" value="sun.awt.Win32GraphicsEnvironment"/>
    <property name="java.endorsed.dirs" value="C:\Program Files\Java\jdk1.8.0_101\jre\lib\endorsed"/>
    <property name="os.arch" value="amd64"/>
    <property name="java.io.tmpdir" value="C:\Users\ADMINI~1\AppData\Local\Temp\"/>
    <property name="line.separator" value="&#10;"/>
    <property name="java.vm.specification.vendor" value="Oracle Corporation"/>
    <property name="user.variant" value=""/>
    <property name="os.name" value="Windows 10"/>
    <property name="classworlds.conf" value="C:\java\apache-maven-3.3.9\bin\..\bin\m2.conf"/>
    <property name="sun.jnu.encoding" value="Cp1252"/>
    <property name="java.library.path" value="C:\Program Files\Java\jdk1.8.0_101\bin;C:\WINDOWS\Sun\Java\bin;C:\WINDOWS\system32;C:\WINDOWS;C:\Program Files\Docker\Docker\Resources\bin;c:\oracle\administrador\product\11.2.0\dbhome_1\bin;c:\app\administrador\product\11.2.0\client_2;c:\app\administrador\product\11.2.0\client_2\bin;c:\programdata\oracle\java\javapath;C:\WINDOWS\system32;C:\WINDOWS;C:\WINDOWS\system32\wbem;C:\WINDOWS\system32\windowspowershell\v1.0\;c:\program files (x86)\mysql\mysql fabric 1.5 &amp; mysql utilities 1.5\;c:\program files (x86)\mysql\mysql fabric 1.5 &amp; mysql utilities 1.5\doctrine extensions for php\;c:\program files (x86)\microsoft sql server\100\tools\binn\;c:\program files (x86)\microsoft sql server\100\dts\binn\;c:\program files (x86)\microsoft sql server\110\tools\binn\;c:\program files\microsoft sql server\110\tools\binn\;c:\program files\microsoft sql server\110\dts\binn\;c:\program files (x86)\microsoft sql server\110\tools\binn\managementstudio\;c:\program files (x86)\microsoft sql server\110\dts\binn\;C:\java\apache-maven-3.3.9\bin;c:\program files\ibm\gsk8\lib64;c:\program files (x86)\ibm\gsk8\lib;C:\IBM\BPM\v8.5\db2\BIN;C:\IBM\BPM\v8.5\db2\FUNCTION;C:\IBM\BPM\v8.5\db2\SAMPLES\REPL;C:\Program Files\nodejs\;C:\apache-ant-1.9.7\bin;C:\WINDOWS\system32;C:\WINDOWS;C:\WINDOWS\System32\Wbem;C:\WINDOWS\System32\WindowsPowerShell\v1.0\;C:\Program Files (x86)\Kaspersky Lab\Kaspersky Endpoint Security 10 for Windows SP1\;C:\Program Files\Java\jdk1.8.0_101\bin;C:\Program Files (x86)\Skype\Phone\;C:\Ruby23-x64\bin;C:\Users\administrador\AppData\Roaming\npm;C:\Users\administrador\AppData\Local\Microsoft\WindowsApps;C:\Users\administrador\AppData\Local\atom\bin;."/>
    <property name="java.specification.name" value="Java Platform API Specification"/>
    <property name="java.class.version" value="52.0"/>
    <property name="sun.management.compiler" value="HotSpot 64-Bit Tiered Compilers"/>
    <property name="os.version" value="10.0"/>
    <property name="user.home" value="C:\Users\administrador"/>
    <property name="user.timezone" value="America/Bogota"/>
    <property name="java.awt.printerjob" value="sun.awt.windows.WPrinterJob"/>
    <property name="java.specification.version" value="1.8"/>
    <property name="file.encoding" value="Cp1252"/>
    <property name="user.name" value="geovanny.campoverde"/>
    <property name="java.class.path" value="C:\java\apache-maven-3.3.9\bin\..\boot\plexus-classworlds-2.5.2.jar"/>
    <property name="java.vm.specification.version" value="1.8"/>
    <property name="sun.arch.data.model" value="64"/>
    <property name="java.home" value="C:\Program Files\Java\jdk1.8.0_101\jre"/>
    <property name="sun.java.command" value="org.codehaus.plexus.classworlds.launcher.Launcher clean install"/>
    <property name="java.specification.vendor" value="Oracle Corporation"/>
    <property name="user.language" value="es"/>
    <property name="awt.toolkit" value="sun.awt.windows.WToolkit"/>
    <property name="java.vm.info" value="mixed mode"/>
    <property name="java.version" value="1.8.0_101"/>
    <property name="java.ext.dirs" value="C:\Program Files\Java\jdk1.8.0_101\jre\lib\ext;C:\WINDOWS\Sun\Java\lib\ext"/>
    <property name="sun.boot.class.path" value="C:\Program Files\Java\jdk1.8.0_101\jre\lib\resources.jar;C:\Program Files\Java\jdk1.8.0_101\jre\lib\rt.jar;C:\Program Files\Java\jdk1.8.0_101\jre\lib\sunrsasign.jar;C:\Program Files\Java\jdk1.8.0_101\jre\lib\jsse.jar;C:\Program Files\Java\jdk1.8.0_101\jre\lib\jce.jar;C:\Program Files\Java\jdk1.8.0_101\jre\lib\charsets.jar;C:\Program Files\Java\jdk1.8.0_101\jre\lib\jfr.jar;C:\Program Files\Java\jdk1.8.0_101\jre\classes"/>
    <property name="sun.stderr.encoding" value="cp850"/>
    <property name="java.vendor" value="Oracle Corporation"/>
    <property name="maven.home" value="C:\java\apache-maven-3.3.9\bin\.."/>
    <property name="file.separator" value="\"/>
    <property name="java.vendor.url.bug" value="http://bugreport.sun.com/bugreport/"/>
    <property name="sun.cpu.endian" value="little"/>
    <property name="sun.io.unicode.encoding" value="UnicodeLittle"/>
    <property name="sun.stdout.encoding" value="cp850"/>
    <property name="sun.desktop" value="windows"/>
    <property name="sun.cpu.isalist" value="amd64"/>
  </properties>
  <testcase name="testListDocumentsLessThanPageSize[0: impl=org.jbpm.document.service.impl.DocumentStorageServiceImpl@2b98378d]" classname="org.jbpm.document.service.DocumentStorageServiceImplTest" time="0.084"/>
  <testcase name="testSaveAndGetDocument[0: impl=org.jbpm.document.service.impl.DocumentStorageServiceImpl@2b98378d]" classname="org.jbpm.document.service.DocumentStorageServiceImplTest" time="0.001"/>
  <testcase name="testSaveAndDeleteDocument[0: impl=org.jbpm.document.service.impl.DocumentStorageServiceImpl@2b98378d]" classname="org.jbpm.document.service.DocumentStorageServiceImplTest" time="0.003"/>
  <testcase name="testSaveAndDeleteByIdDocument[0: impl=org.jbpm.document.service.impl.DocumentStorageServiceImpl@2b98378d]" classname="org.jbpm.document.service.DocumentStorageServiceImplTest" time="0.003"/>
  <testcase name="testSaveAndListDocuments[0: impl=org.jbpm.document.service.impl.DocumentStorageServiceImpl@2b98378d]" classname="org.jbpm.document.service.DocumentStorageServiceImplTest" time="0.015"/>
  <testcase name="testListDocumentsLessThanPageSize[1: impl=org.jbpm.document.service.impl.CustomDocumentStorageServiceImpl@20e2cbe0]" classname="org.jbpm.document.service.DocumentStorageServiceImplTest" time="0.006"/>
  <testcase name="testSaveAndGetDocument[1: impl=org.jbpm.document.service.impl.CustomDocumentStorageServiceImpl@20e2cbe0]" classname="org.jbpm.document.service.DocumentStorageServiceImplTest" time="0.002"/>
  <testcase name="testSaveAndDeleteDocument[1: impl=org.jbpm.document.service.impl.CustomDocumentStorageServiceImpl@20e2cbe0]" classname="org.jbpm.document.service.DocumentStorageServiceImplTest" time="0.003"/>
  <testcase name="testSaveAndDeleteByIdDocument[1: impl=org.jbpm.document.service.impl.CustomDocumentStorageServiceImpl@20e2cbe0]" classname="org.jbpm.document.service.DocumentStorageServiceImplTest" time="0.003"/>
  <testcase name="testSaveAndListDocuments[1: impl=org.jbpm.document.service.impl.CustomDocumentStorageServiceImpl@20e2cbe0]" classname="org.jbpm.document.service.DocumentStorageServiceImplTest" time="0.014"/>
</testsuite>